<?xml version="1.0" encoding="UTF-8"?>
<!-- Generated by org.testng.reporters.JUnitXMLReporter -->
<testsuite ignored="1" hostname="LAPTOP-T5NMQG5H" failures="0" tests="1" name="Default test" time="0.045" errors="0" timestamp="2022-12-15T12:50:20 IST">
  <testcase classname="seleniumproject.TestNgAnnotations" name="testCase2" time="0.005"/>
  <testcase classname="seleniumproject.TestNgAnnotations" name="testCase1" time="0.0">
    <ignored/>
  </testcase> <!-- testCase1 -->
</testsuite> <!-- Default test -->
