<?xml version="1.0" encoding="UTF-8"?>
<testng-results ignored="1" total="2" passed="1" failed="0" skipped="0">
  <reporter-output>
  </reporter-output>
  <suite started-at="2022-12-15T12:50:20 IST" name="Default suite" finished-at="2022-12-15T12:50:20 IST" duration-ms="45">
    <groups>
    </groups>
    <test started-at="2022-12-15T12:50:20 IST" name="Default test" finished-at="2022-12-15T12:50:20 IST" duration-ms="45">
      <class name="seleniumproject.TestNgAnnotations">
        <test-method is-config="true" signature="m1()[pri:0, instance:seleniumproject.TestNgAnnotations@759d26fb]" started-at="2022-12-15T12:50:20 IST" name="m1" finished-at="2022-12-15T12:50:20 IST" duration-ms="7" status="PASS">
          <reporter-output>
          </reporter-output>
        </test-method> <!-- m1 -->
        <test-method is-config="true" signature="m3()[pri:0, instance:seleniumproject.TestNgAnnotations@759d26fb]" started-at="2022-12-15T12:50:20 IST" name="m3" finished-at="2022-12-15T12:50:20 IST" duration-ms="0" status="PASS">
          <reporter-output>
          </reporter-output>
        </test-method> <!-- m3 -->
        <test-method is-config="true" signature="m5()[pri:0, instance:seleniumproject.TestNgAnnotations@759d26fb]" started-at="2022-12-15T12:50:20 IST" name="m5" finished-at="2022-12-15T12:50:20 IST" duration-ms="0" status="PASS">
          <reporter-output>
          </reporter-output>
        </test-method> <!-- m5 -->
        <test-method is-config="true" signature="m9()[pri:0, instance:seleniumproject.TestNgAnnotations@759d26fb]" started-at="2022-12-15T12:50:20 IST" name="m9" finished-at="2022-12-15T12:50:20 IST" duration-ms="0" status="PASS">
          <reporter-output>
          </reporter-output>
        </test-method> <!-- m9 -->
        <test-method signature="testCase2()[pri:0, instance:seleniumproject.TestNgAnnotations@759d26fb]" started-at="2022-12-15T12:50:20 IST" name="testCase2" finished-at="2022-12-15T12:50:20 IST" duration-ms="5" status="PASS">
          <reporter-output>
          </reporter-output>
        </test-method> <!-- testCase2 -->
        <test-method is-config="true" signature="m10()[pri:0, instance:seleniumproject.TestNgAnnotations@759d26fb]" started-at="2022-12-15T12:50:20 IST" name="m10" finished-at="2022-12-15T12:50:20 IST" duration-ms="2" status="PASS">
          <reporter-output>
          </reporter-output>
        </test-method> <!-- m10 -->
        <test-method is-config="true" signature="m6()[pri:0, instance:seleniumproject.TestNgAnnotations@759d26fb]" started-at="2022-12-15T12:50:20 IST" name="m6" finished-at="2022-12-15T12:50:20 IST" duration-ms="0" status="PASS">
          <reporter-output>
          </reporter-output>
        </test-method> <!-- m6 -->
        <test-method is-config="true" signature="m4()[pri:0, instance:seleniumproject.TestNgAnnotations@759d26fb]" started-at="2022-12-15T12:50:20 IST" name="m4" finished-at="2022-12-15T12:50:20 IST" duration-ms="0" status="PASS">
          <reporter-output>
          </reporter-output>
        </test-method> <!-- m4 -->
        <test-method is-config="true" signature="m2()[pri:0, instance:seleniumproject.TestNgAnnotations@759d26fb]" started-at="2022-12-15T12:50:20 IST" name="m2" finished-at="2022-12-15T12:50:20 IST" duration-ms="0" status="PASS">
          <reporter-output>
          </reporter-output>
        </test-method> <!-- m2 -->
      </class> <!-- seleniumproject.TestNgAnnotations -->
    </test> <!-- Default test -->
  </suite> <!-- Default suite -->
</testng-results>
